( 1.000000, 0.000000 ) Next: ( 8.000000, 1.750000 ) Prev: ( 0.500000, 2.000000 ) Status: End     Id: 0 
( 8.000000, 1.750000 ) Next: ( 4.000000, 1.500000 ) Prev: ( 1.000000, 0.000000 ) Status: Start   Id: 1 
( 4.000000, 1.500000 ) Next: ( 5.000000, 3.000000 ) Prev: ( 8.000000, 1.750000 ) Status: Merge   Id: 2 
( 5.000000, 3.000000 ) Next: ( 5.500000, 2.500000 ) Prev: ( 4.000000, 1.500000 ) Status: Split   Id: 3 
( 5.500000, 2.500000 ) Next: ( 4.500000, 5.000000 ) Prev: ( 5.000000, 3.000000 ) Status: End     Id: 4 
( 4.500000, 5.000000 ) Next: ( 3.000000, 4.000000 ) Prev: ( 5.500000, 2.500000 ) Status: Start   Id: 5 
( 3.000000, 4.000000 ) Next: ( 0.000000, 4.500000 ) Prev: ( 4.500000, 5.000000 ) Status: Merge   Id: 6 
( 0.000000, 4.500000 ) Next: ( 1.500000, 1.900000 ) Prev: ( 3.000000, 4.000000 ) Status: Start   Id: 7 
( 1.500000, 1.900000 ) Next: ( 0.500000, 2.000000 ) Prev: ( 0.000000, 4.500000 ) Status: Merge   Id: 8 
( 0.500000, 2.000000 ) Next: ( 1.000000, 0.000000 ) Prev: ( 1.500000, 1.900000 ) Status: Start   Id: 9 


( 1.000000, 0.000000 ) u: ( 0.500000, 2.000000 ) v: ( 1.000000, 0.000000 )
( 4.000000, 1.500000 ) u: ( 0.500000, 2.000000 ) v: ( 1.000000, 0.000000 )
( 8.000000, 1.750000 ) u: ( 8.000000, 1.750000 ) v: ( 4.000000, 1.500000 )
( 1.500000, 1.900000 ) u: ( 0.500000, 2.000000 ) v: ( 1.000000, 0.000000 )
( 0.500000, 2.000000 ) u: ( 0.500000, 2.000000 ) v: ( 1.000000, 0.000000 )
( 5.500000, 2.500000 ) u: ( 5.000000, 3.000000 ) v: ( 5.500000, 2.500000 )
( 5.000000, 3.000000 ) u: ( 0.000000, 4.500000 ) v: ( 1.500000, 1.900000 )
( 3.000000, 4.000000 ) u: ( 0.000000, 4.500000 ) v: ( 1.500000, 1.900000 )
( 0.000000, 4.500000 ) u: ( 0.000000, 4.500000 ) v: ( 1.500000, 1.900000 )
( 4.500000, 5.000000 ) u: ( 4.500000, 5.000000 ) v: ( 3.000000, 4.000000 )
u: ( 3.000000, 4.000000 ) v: ( 5.000000, 3.000000 )
u: ( 1.500000, 1.900000 ) v: ( 4.000000, 1.500000 )
u: ( 4.000000, 1.500000 ) v: ( 1.000000, 0.000000 )
13
4.5 5 3 4
0 4.5 1.5 1.9
3 4 0 4.5
5 3 5.5 2.5
5.5 2.5 4.5 5
0.5 2 1 0
1.5 1.9 0.5 2
8 1.75 4 1.5
4 1.5 5 3
1 0 8 1.75
3 4 5 3
1.5 1.9 4 1.5
4 1.5 1 0
